Wed Oct  1 15:47:20 2025 - EVENT - {'type': 'child_in_water', 'class': 'person', 'bbox': [420, 271, 484, 556], 'height_m': 2.5998295621957954, 'in_roi': True, 'dwell_time': 2.0004613399505615, 'key': (22, 20, 'person'), 'timestamp': 1759315640.8439226}
Wed Oct  1 15:47:25 2025 - EVENT - {'type': 'child_in_water', 'class': 'person', 'bbox': [364, 230, 454, 547], 'height_m': 2.6825560740403582, 'in_roi': True, 'dwell_time': 7.243478059768677, 'key': (20, 19, 'person'), 'timestamp': 1759315645.9039755}
Wed Oct  1 15:47:31 2025 - EVENT - {'type': 'child_in_water', 'class': 'person', 'bbox': [407, 217, 484, 550], 'height_m': 2.7360470804999775, 'in_roi': True, 'dwell_time': 6.594914436340332, 'key': (22, 19, 'person'), 'timestamp': 1759315651.1999133}
Wed Oct  1 15:47:36 2025 - EVENT - {'type': 'child_in_water', 'class': 'person', 'bbox': [345, 251, 426, 558], 'height_m': 2.6705217854535346, 'in_roi': True, 'dwell_time': 18.03286576271057, 'key': (19, 20, 'person'), 'timestamp': 1759315656.2458873}
Wed Oct  1 15:47:42 2025 - EVENT - {'type': 'child_in_water', 'class': 'person', 'bbox': [3, 4, 624, 640], 'height_m': 4.014902363121935, 'in_roi': True, 'dwell_time': 3.15971302986145, 'key': (15, 16, 'person'), 'timestamp': 1759315662.9674466}
Wed Oct  1 15:47:49 2025 - EVENT - {'type': 'child_in_water', 'class': 'person', 'bbox': [3, 4, 624, 640], 'height_m': 4.014902363121935, 'in_roi': True, 'dwell_time': 6.436866998672485, 'key': (15, 16, 'person'), 'timestamp': 1759315669.4053173}
Wed Oct  1 15:47:54 2025 - EVENT - {'type': 'child_in_water', 'class': 'person', 'bbox': [3, 4, 624, 640], 'height_m': 4.014902363121935, 'in_roi': True, 'dwell_time': 5.384105443954468, 'key': (15, 16, 'person'), 'timestamp': 1759315674.7894208}
Wed Oct  1 15:48:01 2025 - EVENT - {'type': 'child_in_water', 'class': 'person', 'bbox': [323, 318, 377, 442], 'height_m': 2.0431526405803733, 'in_roi': True, 'dwell_time': 24.80181312561035, 'key': (17, 19, 'person'), 'timestamp': 1759315681.7622724}
Wed Oct  1 15:48:06 2025 - EVENT - {'type': 'child_in_water', 'class': 'person', 'bbox': [421, 319, 463, 544], 'height_m': 2.4018063797024287, 'in_roi': True, 'dwell_time': 43.87369418144226, 'key': (22, 21, 'person'), 'timestamp': 1759315686.7909932}
Wed Oct  1 15:48:12 2025 - EVENT - {'type': 'child_in_water', 'class': 'person', 'bbox': [75, 79, 282, 562], 'height_m': 3.2218637655723947, 'in_roi': True, 'dwell_time': 3.81187105178833, 'key': (8, 16, 'person'), 'timestamp': 1759315692.078149}
Wed Oct  1 15:48:17 2025 - EVENT - {'type': 'child_in_water', 'class': 'person', 'bbox': [379, 319, 440, 487], 'height_m': 2.1856153593423207, 'in_roi': True, 'dwell_time': 59.05042576789856, 'key': (20, 20, 'person'), 'timestamp': 1759315697.6577446}
Wed Oct  1 15:51:28 2025 - EVENT - {'type': 'child_in_water', 'class': 'person', 'bbox': [326, 303, 402, 479], 'height_m': 2.2014480483826, 'in_roi': True, 'dwell_time': 2.114612340927124, 'key': (18, 19, 'person'), 'timestamp': 1759315888.1913307}
Wed Oct  1 15:51:33 2025 - EVENT - {'type': 'child_in_water', 'class': 'person', 'bbox': [318, 305, 409, 505], 'height_m': 2.2888644562131084, 'in_roi': True, 'dwell_time': 4.833751440048218, 'key': (18, 20, 'person'), 'timestamp': 1759315893.2428634}
Wed Oct  1 15:51:38 2025 - EVENT - {'type': 'child_in_water', 'class': 'person', 'bbox': [332, 307, 409, 504], 'height_m': 2.27954426343998, 'in_roi': True, 'dwell_time': 5.035241365432739, 'key': (18, 20, 'person'), 'timestamp': 1759315898.2780304}
Wed Oct  1 15:52:32 2025 - EVENT - {'type': 'other_detected', 'class': 'heron', 'bbox': [135, 357, 242, 452], 'height_m': 1.9729166387417998, 'in_roi': False, 'key': (4, 11), 'timestamp': 1759315952.6763058}
Wed Oct  1 15:52:37 2025 - EVENT - {'type': 'other_detected', 'class': 'heron', 'bbox': [69, 310, 299, 518], 'height_m': 2.3239304206468194, 'in_roi': False, 'key': (4, 12), 'timestamp': 1759315957.7494729}
Wed Oct  1 15:52:42 2025 - EVENT - {'type': 'other_detected', 'class': 'heron', 'bbox': [78, 318, 305, 527], 'height_m': 2.33589258908325, 'in_roi': False, 'key': (4, 13), 'timestamp': 1759315962.7818675}
Wed Oct  1 15:57:45 2025 - EVENT - {'type': 'person_outside_roi', 'class': 'person', 'bbox': [503, 275, 574, 497], 'height_m': 2.3426304400939, 'in_roi': False, 'key': (13, 12), 'timestamp': 1759316265.0844622}
Wed Oct  1 15:57:50 2025 - EVENT - {'type': 'person_outside_roi', 'class': 'person', 'bbox': [456, 281, 525, 509], 'height_m': 2.3716651268185545, 'in_roi': False, 'key': (12, 12), 'timestamp': 1759316270.2923317}
Wed Oct  1 15:57:56 2025 - EVENT - {'type': 'person_outside_roi', 'class': 'person', 'bbox': [456, 282, 523, 503], 'height_m': 2.345812809392836, 'in_roi': False, 'key': (12, 12), 'timestamp': 1759316276.8489249}
Wed Oct  1 15:58:01 2025 - EVENT - {'type': 'person_outside_roi', 'class': 'person', 'bbox': [465, 279, 532, 508], 'height_m': 2.373434076125878, 'in_roi': False, 'key': (12, 12), 'timestamp': 1759316281.952505}
Wed Oct  1 15:58:07 2025 - EVENT - {'type': 'person_outside_roi', 'class': 'person', 'bbox': [462, 286, 528, 510], 'height_m': 2.3613986856489526, 'in_roi': False, 'key': (12, 12), 'timestamp': 1759316287.050286}
Wed Oct  1 15:58:12 2025 - EVENT - {'type': 'person_outside_roi', 'class': 'person', 'bbox': [454, 290, 523, 495], 'height_m': 2.293697143921342, 'in_roi': False, 'key': (12, 12), 'timestamp': 1759316292.2481687}
Wed Oct  1 15:58:17 2025 - EVENT - {'type': 'person_outside_roi', 'class': 'person', 'bbox': [252, 296, 275, 384], 'height_m': 1.9338132783920372, 'in_roi': False, 'key': (6, 9), 'timestamp': 1759316297.3413193}
Wed Oct  1 15:58:25 2025 - EVENT - {'type': 'person_outside_roi', 'class': 'person', 'bbox': [260, 290, 286, 384], 'height_m': 1.9478901721382942, 'in_roi': False, 'key': (6, 9), 'timestamp': 1759316305.604346}
Wed Oct  1 15:58:49 2025 - EVENT - {'type': 'child_in_water', 'class': 'person', 'bbox': [338, 123, 482, 557], 'height_m': 3.058325701989864, 'in_roi': True, 'key': (10, 13), 'timestamp': 1759316329.7238207}
Wed Oct  1 15:58:54 2025 - EVENT - {'type': 'child_in_water', 'class': 'person', 'bbox': [295, 79, 456, 560], 'height_m': 3.21036224387468, 'in_roi': True, 'key': (9, 14), 'timestamp': 1759316334.76761}
Wed Oct  1 15:58:57 2025 - EVENT - {'type': 'other_detected', 'class': 'cat', 'bbox': [141, 83, 622, 562], 'height_m': 3.2094868579495475, 'in_roi': False, 'key': (9, 14), 'timestamp': 1759316337.893475}
Wed Oct  1 15:58:59 2025 - EVENT - {'type': 'child_in_water', 'class': 'person', 'bbox': [267, 88, 640, 555], 'height_m': 3.154461349137137, 'in_roi': True, 'key': (11, 13), 'timestamp': 1759316339.9072845}
Wed Oct  1 15:59:05 2025 - EVENT - {'type': 'child_in_water', 'class': 'person', 'bbox': [313, 164, 423, 559], 'height_m': 2.943038775360593, 'in_roi': True, 'key': (9, 13), 'timestamp': 1759316345.0205522}
Wed Oct  1 15:59:10 2025 - EVENT - {'type': 'child_in_water', 'class': 'person', 'bbox': [284, 229, 382, 557], 'height_m': 2.733249217245892, 'in_roi': True, 'key': (8, 13), 'timestamp': 1759316350.2374039}
Wed Oct  1 15:59:15 2025 - EVENT - {'type': 'child_in_water', 'class': 'person', 'bbox': [212, 266, 279, 378], 'height_m': 1.9879967548932913, 'in_roi': True, 'key': (6, 9), 'timestamp': 1759316355.3790686}
Wed Oct  1 16:04:12 2025 - EVENT - {'type': 'child_in_water', 'class': 'person', 'bbox': [266, 260, 402, 553], 'height_m': 2.619576384910052, 'in_roi': True, 'dwell_time': 2.0082767009735107, 'key': (16, 20, 'person'), 'timestamp': 1759316652.8974638}
Wed Oct  1 16:04:19 2025 - EVENT - {'type': 'child_in_water', 'class': 'person', 'bbox': [233, 223, 334, 558], 'height_m': 2.756543769914505, 'in_roi': True, 'dwell_time': 2.0326924324035645, 'key': (14, 19, 'person'), 'timestamp': 1759316659.2296891}
Wed Oct  1 16:04:24 2025 - EVENT - {'type': 'child_in_water', 'class': 'person', 'bbox': [239, 222, 341, 557], 'height_m': 2.754716532276155, 'in_roi': True, 'dwell_time': 5.026465654373169, 'key': (14, 19, 'person'), 'timestamp': 1759316664.2561548}
Wed Oct  1 16:04:29 2025 - EVENT - {'type': 'child_in_water', 'class': 'person', 'bbox': [244, 243, 338, 558], 'height_m': 2.695099495299526, 'in_roi': True, 'dwell_time': 2.926361560821533, 'key': (14, 20, 'person'), 'timestamp': 1759316669.2872233}
Wed Oct  1 16:04:34 2025 - EVENT - {'type': 'child_in_water', 'class': 'person', 'bbox': [417, 219, 461, 339], 'height_m': 1.9926734634430527, 'in_roi': True, 'dwell_time': 4.172512531280518, 'key': (21, 13, 'person'), 'timestamp': 1759316674.319096}
Wed Oct  1 16:04:39 2025 - EVENT - {'type': 'child_in_water', 'class': 'person', 'bbox': [305, 224, 429, 515], 'height_m': 2.5578511069216305, 'in_roi': True, 'dwell_time': 23.447191953659058, 'key': (18, 18, 'person'), 'timestamp': 1759316679.4168384}
Wed Oct  1 16:04:48 2025 - EVENT - {'type': 'person_outside_roi', 'class': 'person', 'bbox': [0, 169, 105, 559], 'height_m': 2.927650337319492, 'in_roi': False, 'key': (1, 13), 'timestamp': 1759316688.1783102}
Wed Oct  1 16:04:53 2025 - EVENT - {'type': 'person_outside_roi', 'class': 'person', 'bbox': [0, 201, 140, 557], 'height_m': 2.819118477366941, 'in_roi': False, 'key': (1, 13), 'timestamp': 1759316693.2269366}
Wed Oct  1 16:04:58 2025 - EVENT - {'type': 'person_outside_roi', 'class': 'person', 'bbox': [0, 206, 138, 559], 'height_m': 2.813775895815344, 'in_roi': False, 'key': (1, 13), 'timestamp': 1759316698.2879648}
Wed Oct  1 16:05:03 2025 - EVENT - {'type': 'child_in_water', 'class': 'person', 'bbox': [0, 255, 167, 558], 'height_m': 2.6582329305305383, 'in_roi': True, 'dwell_time': 3.852311134338379, 'key': (4, 20, 'person'), 'timestamp': 1759316703.2894707}
Wed Oct  1 16:05:08 2025 - EVENT - {'type': 'child_in_water', 'class': 'person', 'bbox': [0, 257, 172, 558], 'height_m': 2.6520885030690406, 'in_roi': True, 'dwell_time': 5.02934455871582, 'key': (4, 20, 'person'), 'timestamp': 1759316708.3188152}
